<?xml version="1.0" encoding="UTF-8"?>
<!-- Generated by org.testng.reporters.JUnitReportReporter -->
<testsuite hostname="Jessicas-MacBook-Pro-2.local" name="tests.OwnerDashboardTest" tests="1" failures="0" timestamp="26 Nov 2014 09:09:34 GMT" time="5.236" errors="0">
  <testcase name="ownerDashboardTest" time="5.236" classname="tests.OwnerDashboardTest"/>
</testsuite> <!-- tests.OwnerDashboardTest -->
