<?xml version="1.0" encoding="UTF-8"?>
<!-- Generated by org.testng.reporters.JUnitReportReporter -->
<testsuite hostname="Jessicas-MacBook-Pro-2.local" name="tests.CreateOwnerFromAdvertiserAccountTest" tests="1" failures="0" timestamp="24 Nov 2014 13:00:52 GMT" time="4.538" errors="0">
  <testcase name="createOwnerFromAdvertiserAccountTest" time="4.538" classname="tests.CreateOwnerFromAdvertiserAccountTest"/>
</testsuite> <!-- tests.CreateOwnerFromAdvertiserAccountTest -->
