<?xml version="1.0" encoding="UTF-8"?>
<!-- Generated by org.testng.reporters.JUnitReportReporter -->
<testsuite hostname="Jessicas-MacBook-Pro-2.local" name="tests.LoginLogout" tests="1" failures="0" timestamp="26 Nov 2014 09:09:34 GMT" time="6.829" errors="0">
  <testcase name="loginLogout" time="6.829" classname="tests.LoginLogout"/>
</testsuite> <!-- tests.LoginLogout -->
