<?xml version="1.0" encoding="UTF-8"?>
<!-- Generated by org.testng.reporters.JUnitReportReporter -->
<testsuite hostname="Jessicas-MacBook-Pro-2.local" name="tests.SearchTest" tests="1" failures="0" timestamp="26 Nov 2014 09:27:10 GMT" time="5.205" errors="0">
  <testcase name="searchTest" time="5.205" classname="tests.SearchTest"/>
</testsuite> <!-- tests.SearchTest -->
