<?xml version="1.0" encoding="UTF-8"?>
<!-- Generated by org.testng.reporters.JUnitReportReporter -->
<testsuite hostname="Jessicas-MacBook-Pro-2.local" name="tests.LoginTest" tests="1" failures="0" timestamp="24 Nov 2014 12:16:09 GMT" time="3.734" errors="0">
  <testcase name="loginLogout" time="3.734" classname="tests.LoginTest"/>
</testsuite> <!-- tests.LoginTest -->
