<?xml version="1.0" encoding="UTF-8"?>
<!-- Generated by org.testng.reporters.JUnitReportReporter -->
<testsuite hostname="Jessicas-MacBook-Pro-2.local" name="tests.LoginLogout" tests="1" failures="0" timestamp="24 Nov 2014 13:10:39 GMT" time="6.131" errors="0">
  <testcase name="loginLogout" time="6.131" classname="tests.LoginLogout"/>
</testsuite> <!-- tests.LoginLogout -->
