<?xml version="1.0" encoding="UTF-8"?>
<!-- Generated by org.testng.reporters.JUnitReportReporter -->
<testsuite hostname="Jessicas-MacBook-Pro-2.local" name="tests.AdvertiserDashboardTest" tests="1" failures="0" timestamp="24 Nov 2014 12:47:05 GMT" time="5.302" errors="0">
  <testcase name="loginLogout" time="5.302" classname="tests.AdvertiserDashboardTest"/>
</testsuite> <!-- tests.AdvertiserDashboardTest -->
