<?xml version="1.0" encoding="UTF-8"?>
<!-- Generated by org.testng.reporters.JUnitReportReporter -->
<testsuite hostname="Jessicas-MacBook-Pro-2.local" name="tests.AdvertiserLoginTest" tests="1" failures="0" timestamp="24 Nov 2014 12:46:00 GMT" time="4.515" errors="0">
  <testcase name="loginLogout" time="4.515" classname="tests.AdvertiserLoginTest"/>
</testsuite> <!-- tests.AdvertiserLoginTest -->
