<?xml version="1.0" encoding="UTF-8"?>
<!-- Generated by org.testng.reporters.JUnitReportReporter -->
<testsuite hostname="Jessicas-MBP-2.att.net" name="frontpage.LoginTest" tests="1" failures="0" timestamp="21 Nov 2014 00:11:16 GMT" time="9.977" errors="0">
  <testcase name="loginLogout" time="9.977" classname="frontpage.LoginTest"/>
</testsuite> <!-- frontpage.LoginTest -->
