<?xml version="1.0" encoding="UTF-8"?>
<!-- Generated by org.testng.reporters.JUnitReportReporter -->
<testsuite hostname="Jessicas-MacBook-Pro-2.local" name="tests.AddAdvertisementPageTest" tests="1" failures="0" timestamp="26 Nov 2014 09:09:34 GMT" time="8.376" errors="0">
  <testcase name="addAdvertisementTest" time="8.376" classname="tests.AddAdvertisementPageTest"/>
</testsuite> <!-- tests.AddAdvertisementPageTest -->
