<?xml version="1.0" encoding="UTF-8"?>
<!-- Generated by org.testng.reporters.JUnitReportReporter -->
<testsuite hostname="Jessicas-MacBook-Pro-2.local" name="tests.OwnerShouldNotSeeCertainButtonsTest" tests="1" failures="0" timestamp="26 Nov 2014 09:32:21 GMT" time="9.054" errors="0">
  <testcase name="ownerShouldNotSeeCertainButtonsTest" time="9.054" classname="tests.OwnerShouldNotSeeCertainButtonsTest"/>
</testsuite> <!-- tests.OwnerShouldNotSeeCertainButtonsTest -->
