<?xml version="1.0" encoding="UTF-8"?>
<!-- Generated by org.testng.reporters.JUnitReportReporter -->
<testsuite hostname="Jessicas-MacBook-Pro-2.local" name="tests.SignupOwner" tests="1" failures="0" timestamp="26 Nov 2014 09:09:34 GMT" time="5.856" errors="0">
  <testcase name="signUpOwner" time="5.856" classname="tests.SignupOwner"/>
</testsuite> <!-- tests.SignupOwner -->
