<?xml version="1.0" encoding="UTF-8"?>
<!-- Generated by org.testng.reporters.JUnitReportReporter -->
<testsuite hostname="Jessicas-MacBook-Pro-2.local" name="tests.SignupAdvertiser" tests="1" failures="0" timestamp="26 Nov 2014 09:09:34 GMT" time="5.111" errors="0">
  <testcase name="signupAdvertiser" time="5.111" classname="tests.SignupAdvertiser"/>
</testsuite> <!-- tests.SignupAdvertiser -->
